# JRE version: Java(TM) SE Runtime Environment (8.0_71-b15) (build 1.8.0_71-b15)
# Java VM: Java HotSpot(TM) 64-Bit Server VM (25.71-b15 mixed mode windows-amd64 compressed oops)
Heap:
 PSYoungGen      total 321024K, used 49429K [0x00000000eab00000, 0x00000000ffe80000, 0x0000000100000000)
  eden space 294400K, 16% used [0x00000000eab00000,0x00000000edb45438,0x00000000fca80000)
  from space 26624K, 0% used [0x00000000fe480000,0x00000000fe480000,0x00000000ffe80000)
  to   space 26624K, 0% used [0x00000000fca80000,0x00000000fca80000,0x00000000fe480000)
 ParOldGen       total 98816K, used 41395K [0x00000000c0000000, 0x00000000c6080000, 0x00000000eab00000)
  object space 98816K, 41% used [0x00000000c0000000,0x00000000c286ce20,0x00000000c6080000)
 Metaspace       used 58416K, capacity 59920K, committed 60288K, reserved 1101824K
  class space    used 7606K, capacity 7969K, committed 8064K, reserved 1048576K
GC Heap History (10 events):
Event: 49.183 GC heap before
{Heap before GC invocations=31 (full 4):
 PSYoungGen      total 289280K, used 289275K [0x00000000eab00000, 0x00000000fe180000, 0x0000000100000000)
  eden space 270848K, 100% used [0x00000000eab00000,0x00000000fb380000,0x00000000fb380000)
  from space 18432K, 99% used [0x00000000fcf80000,0x00000000fe17efa8,0x00000000fe180000)
  to   space 23040K, 0% used [0x00000000fb480000,0x00000000fb480000,0x00000000fcb00000)
 ParOldGen       total 98816K, used 39588K [0x00000000c0000000, 0x00000000c6080000, 0x00000000eab00000)
  object space 98816K, 40% used [0x00000000c0000000,0x00000000c26a91f0,0x00000000c6080000)
 Metaspace       used 50220K, capacity 51474K, committed 51584K, reserved 1093632K
  class space    used 6696K, capacity 7022K, committed 7040K, reserved 1048576K
Event: 49.246 GC heap after
Heap after GC invocations=31 (full 4):
 PSYoungGen      total 294912K, used 20523K [0x00000000eab00000, 0x0000000100000000, 0x0000000100000000)
  eden space 271872K, 0% used [0x00000000eab00000,0x00000000eab00000,0x00000000fb480000)
  from space 23040K, 89% used [0x00000000fb480000,0x00000000fc88afa8,0x00000000fcb00000)
  to   space 26112K, 0% used [0x00000000fe680000,0x00000000fe680000,0x0000000100000000)
 ParOldGen       total 98816K, used 45900K [0x00000000c0000000, 0x00000000c6080000, 0x00000000eab00000)
  object space 98816K, 46% used [0x00000000c0000000,0x00000000c2cd32e0,0x00000000c6080000)
 Metaspace       used 50220K, capacity 51474K, committed 51584K, reserved 1093632K
  class space    used 6696K, capacity 7022K, committed 7040K, reserved 1048576K
}
Event: 53.725 GC heap before
{Heap before GC invocations=32 (full 4):
 PSYoungGen      total 294912K, used 292395K [0x00000000eab00000, 0x0000000100000000, 0x0000000100000000)
  eden space 271872K, 100% used [0x00000000eab00000,0x00000000fb480000,0x00000000fb480000)
  from space 23040K, 89% used [0x00000000fb480000,0x00000000fc88afa8,0x00000000fcb00000)
  to   space 26112K, 0% used [0x00000000fe680000,0x00000000fe680000,0x0000000100000000)
 ParOldGen       total 98816K, used 45900K [0x00000000c0000000, 0x00000000c6080000, 0x00000000eab00000)
  object space 98816K, 46% used [0x00000000c0000000,0x00000000c2cd32e0,0x00000000c6080000)
 Metaspace       used 56287K, capacity 57772K, committed 57984K, reserved 1099776K
  class space    used 7352K, capacity 7719K, committed 7808K, reserved 1048576K
Event: 53.779 GC heap after
Heap after GC invocations=32 (full 4):
 PSYoungGen      total 317952K, used 22281K [0x00000000eab00000, 0x0000000100000000, 0x0000000100000000)
  eden space 291840K, 0% used [0x00000000eab00000,0x00000000eab00000,0x00000000fc800000)
  from space 26112K, 85% used [0x00000000fe680000,0x00000000ffc42760,0x0000000100000000)
  to   space 28672K, 0% used [0x00000000fc800000,0x00000000fc800000,0x00000000fe400000)
 ParOldGen       total 98816K, used 56657K [0x00000000c0000000, 0x00000000c6080000, 0x00000000eab00000)
  object space 98816K, 57% used [0x00000000c0000000,0x00000000c3754760,0x00000000c6080000)
 Metaspace       used 56287K, capacity 57772K, committed 57984K, reserved 1099776K
  class space    used 7352K, capacity 7719K, committed 7808K, reserved 1048576K
}
Event: 87.835 GC heap before
{Heap before GC invocations=33 (full 4):
 PSYoungGen      total 317952K, used 314121K [0x00000000eab00000, 0x0000000100000000, 0x0000000100000000)
  eden space 291840K, 100% used [0x00000000eab00000,0x00000000fc800000,0x00000000fc800000)
  from space 26112K, 85% used [0x00000000fe680000,0x00000000ffc42760,0x0000000100000000)
  to   space 28672K, 0% used [0x00000000fc800000,0x00000000fc800000,0x00000000fe400000)
 ParOldGen       total 98816K, used 56657K [0x00000000c0000000, 0x00000000c6080000, 0x00000000eab00000)
  object space 98816K, 57% used [0x00000000c0000000,0x00000000c3754760,0x00000000c6080000)
 Metaspace       used 57444K, capacity 58950K, committed 59136K, reserved 1099776K
  class space    used 7472K, capacity 7866K, committed 7936K, reserved 1048576K
Event: 87.952 GC heap after
Heap after GC invocations=33 (full 4):
 PSYoungGen      total 320512K, used 13575K [0x00000000eab00000, 0x0000000100000000, 0x0000000100000000)
  eden space 291840K, 0% used [0x00000000eab00000,0x00000000eab00000,0x00000000fc800000)
  from space 28672K, 47% used [0x00000000fc800000,0x00000000fd541e28,0x00000000fe400000)
  to   space 28160K, 0% used [0x00000000fe480000,0x00000000fe480000,0x0000000100000000)
 ParOldGen       total 98816K, used 56665K [0x00000000c0000000, 0x00000000c6080000, 0x00000000eab00000)
  object space 98816K, 57% used [0x00000000c0000000,0x00000000c3756760,0x00000000c6080000)
 Metaspace       used 57444K, capacity 58950K, committed 59136K, reserved 1099776K
  class space    used 7472K, capacity 7866K, committed 7936K, reserved 1048576K
}
Event: 222.582 GC heap before
{Heap before GC invocations=34 (full 4):
 PSYoungGen      total 320512K, used 171664K [0x00000000eab00000, 0x0000000100000000, 0x0000000100000000)
  eden space 291840K, 54% used [0x00000000eab00000,0x00000000f4562570,0x00000000fc800000)
  from space 28672K, 47% used [0x00000000fc800000,0x00000000fd541e28,0x00000000fe400000)
  to   space 28160K, 0% used [0x00000000fe480000,0x00000000fe480000,0x0000000100000000)
 ParOldGen       total 98816K, used 56665K [0x00000000c0000000, 0x00000000c6080000, 0x00000000eab00000)
  object space 98816K, 57% used [0x00000000c0000000,0x00000000c3756760,0x00000000c6080000)
 Metaspace       used 58419K, capacity 59876K, committed 60032K, reserved 1101824K
  class space    used 7610K, capacity 7999K, committed 8064K, reserved 1048576K
Event: 222.596 GC heap after
Heap after GC invocations=34 (full 4):
 PSYoungGen      total 321024K, used 9794K [0x00000000eab00000, 0x00000000ffe80000, 0x0000000100000000)
  eden space 294400K, 0% used [0x00000000eab00000,0x00000000eab00000,0x00000000fca80000)
  from space 26624K, 36% used [0x00000000fe480000,0x00000000fee10880,0x00000000ffe80000)
  to   space 26624K, 0% used [0x00000000fca80000,0x00000000fca80000,0x00000000fe480000)
 ParOldGen       total 98816K, used 56673K [0x00000000c0000000, 0x00000000c6080000, 0x00000000eab00000)
  object space 98816K, 57% used [0x00000000c0000000,0x00000000c3758760,0x00000000c6080000)
 Metaspace       used 58419K, capacity 59876K, committed 60032K, reserved 1101824K
  class space    used 7610K, capacity 7999K, committed 8064K, reserved 1048576K
}
Event: 222.596 GC heap before
{Heap before GC invocations=35 (full 5):
 PSYoungGen      total 321024K, used 9794K [0x00000000eab00000, 0x00000000ffe80000, 0x0000000100000000)
  eden space 294400K, 0% used [0x00000000eab00000,0x00000000eab00000,0x00000000fca80000)
  from space 26624K, 36% used [0x00000000fe480000,0x00000000fee10880,0x00000000ffe80000)
  to   space 26624K, 0% used [0x00000000fca80000,0x00000000fca80000,0x00000000fe480000)
 ParOldGen       total 98816K, used 56673K [0x00000000c0000000, 0x00000000c6080000, 0x00000000eab00000)
  object space 98816K, 57% used [0x00000000c0000000,0x00000000c3758760,0x00000000c6080000)
 Metaspace       used 58419K, capacity 59876K, committed 60032K, reserved 1101824K
  class space    used 7610K, capacity 7999K, committed 8064K, reserved 1048576K
Event: 222.962 GC heap after
Heap after GC invocations=35 (full 5):
 PSYoungGen      total 321024K, used 0K [0x00000000eab00000, 0x00000000ffe80000, 0x0000000100000000)
  eden space 294400K, 0% used [0x00000000eab00000,0x00000000eab00000,0x00000000fca80000)
  from space 26624K, 0% used [0x00000000fe480000,0x00000000fe480000,0x00000000ffe80000)
  to   space 26624K, 0% used [0x00000000fca80000,0x00000000fca80000,0x00000000fe480000)
 ParOldGen       total 98816K, used 41395K [0x00000000c0000000, 0x00000000c6080000, 0x00000000eab00000)
  object space 98816K, 41% used [0x00000000c0000000,0x00000000c286ce20,0x00000000c6080000)
 Metaspace       used 58303K, capacity 59692K, committed 60032K, reserved 1101824K
  class space    used 7597K, capacity 7959K, committed 8064K, reserved 1048576K
}

