# JRE version: OpenJDK Runtime Environment (8.0_112-b06) (build 1.8.0_112-release-b06)
# Java VM: OpenJDK 64-Bit Server VM (25.112-b06 mixed mode linux-amd64 compressed oops)
Heap:
 PSYoungGen      total 778240K, used 720690K [0x000000076ab00000, 0x00000007a8d00000, 0x00000007c0000000)
  eden space 661504K, 100% used [0x000000076ab00000,0x0000000793100000,0x0000000793100000)
  from space 116736K, 50% used [0x000000079c780000,0x00000007a014cbc8,0x00000007a3980000)
  to   space 154112K, 39% used [0x0000000793100000,0x0000000796ccdc08,0x000000079c780000)
 ParOldGen       total 611328K, used 469848K [0x00000006c0000000, 0x00000006e5500000, 0x000000076ab00000)
  object space 611328K, 76% used [0x00000006c0000000,0x00000006dcad60f8,0x00000006e5500000)
 Metaspace       used 6420K, capacity 7280K, committed 7552K, reserved 1056768K
  class space    used 585K, capacity 616K, committed 640K, reserved 1048576K
GC Heap History (10 events):
Event: 19.896 GC heap after
Heap after GC invocations=16 (full 2):
 PSYoungGen      total 637952K, used 81888K [0x000000076ab00000, 0x000000079c200000, 0x00000007c0000000)
  eden space 556032K, 0% used [0x000000076ab00000,0x000000076ab00000,0x000000078ca00000)
  from space 81920K, 99% used [0x0000000793600000,0x00000007985f8370,0x0000000798600000)
  to   space 110592K, 0% used [0x000000078ca00000,0x000000078ca00000,0x0000000793600000)
 ParOldGen       total 261120K, used 232961K [0x00000006c0000000, 0x00000006cff00000, 0x000000076ab00000)
  object space 261120K, 89% used [0x00000006c0000000,0x00000006ce3806c8,0x00000006cff00000)
 Metaspace       used 6412K, capacity 7280K, committed 7552K, reserved 1056768K
  class space    used 585K, capacity 616K, committed 640K, reserved 1048576K
}
Event: 19.896 GC heap before
{Heap before GC invocations=17 (full 3):
 PSYoungGen      total 637952K, used 81888K [0x000000076ab00000, 0x000000079c200000, 0x00000007c0000000)
  eden space 556032K, 0% used [0x000000076ab00000,0x000000076ab00000,0x000000078ca00000)
  from space 81920K, 99% used [0x0000000793600000,0x00000007985f8370,0x0000000798600000)
  to   space 110592K, 0% used [0x000000078ca00000,0x000000078ca00000,0x0000000793600000)
 ParOldGen       total 261120K, used 232961K [0x00000006c0000000, 0x00000006cff00000, 0x000000076ab00000)
  object space 261120K, 89% used [0x00000006c0000000,0x00000006ce3806c8,0x00000006cff00000)
 Metaspace       used 6412K, capacity 7280K, committed 7552K, reserved 1056768K
  class space    used 585K, capacity 616K, committed 640K, reserved 1048576K
Event: 21.627 GC heap after
Heap after GC invocations=17 (full 3):
 PSYoungGen      total 637952K, used 51302K [0x000000076ab00000, 0x000000079c200000, 0x00000007c0000000)
  eden space 556032K, 0% used [0x000000076ab00000,0x000000076ab00000,0x000000078ca00000)
  from space 81920K, 62% used [0x0000000793600000,0x0000000796819b08,0x0000000798600000)
  to   space 110592K, 0% used [0x000000078ca00000,0x000000078ca00000,0x0000000793600000)
 ParOldGen       total 412672K, used 260970K [0x00000006c0000000, 0x00000006d9300000, 0x000000076ab00000)
  object space 412672K, 63% used [0x00000006c0000000,0x00000006cfeda940,0x00000006d9300000)
 Metaspace       used 6412K, capacity 7280K, committed 7552K, reserved 1056768K
  class space    used 585K, capacity 616K, committed 640K, reserved 1048576K
}
Event: 23.720 GC heap before
{Heap before GC invocations=18 (full 3):
 PSYoungGen      total 637952K, used 607334K [0x000000076ab00000, 0x000000079c200000, 0x00000007c0000000)
  eden space 556032K, 100% used [0x000000076ab00000,0x000000078ca00000,0x000000078ca00000)
  from space 81920K, 62% used [0x0000000793600000,0x0000000796819b08,0x0000000798600000)
  to   space 110592K, 0% used [0x000000078ca00000,0x000000078ca00000,0x0000000793600000)
 ParOldGen       total 412672K, used 260970K [0x00000006c0000000, 0x00000006d9300000, 0x000000076ab00000)
  object space 412672K, 63% used [0x00000006c0000000,0x00000006cfeda940,0x00000006d9300000)
 Metaspace       used 6413K, capacity 7280K, committed 7552K, reserved 1056768K
  class space    used 585K, capacity 616K, committed 640K, reserved 1048576K
Event: 25.257 GC heap after
Heap after GC invocations=18 (full 3):
 PSYoungGen      total 666624K, used 74819K [0x000000076ab00000, 0x00000007a3980000, 0x00000007c0000000)
  eden space 556032K, 0% used [0x000000076ab00000,0x000000076ab00000,0x000000078ca00000)
  from space 110592K, 67% used [0x000000078ca00000,0x0000000791310ce8,0x0000000793600000)
  to   space 116736K, 0% used [0x000000079c780000,0x000000079c780000,0x00000007a3980000)
 ParOldGen       total 412672K, used 312824K [0x00000006c0000000, 0x00000006d9300000, 0x000000076ab00000)
  object space 412672K, 75% used [0x00000006c0000000,0x00000006d317e268,0x00000006d9300000)
 Metaspace       used 6413K, capacity 7280K, committed 7552K, reserved 1056768K
  class space    used 585K, capacity 616K, committed 640K, reserved 1048576K
}
Event: 29.337 GC heap before
{Heap before GC invocations=19 (full 3):
 PSYoungGen      total 666624K, used 630851K [0x000000076ab00000, 0x00000007a3980000, 0x00000007c0000000)
  eden space 556032K, 100% used [0x000000076ab00000,0x000000078ca00000,0x000000078ca00000)
  from space 110592K, 67% used [0x000000078ca00000,0x0000000791310ce8,0x0000000793600000)
  to   space 116736K, 0% used [0x000000079c780000,0x000000079c780000,0x00000007a3980000)
 ParOldGen       total 412672K, used 312824K [0x00000006c0000000, 0x00000006d9300000, 0x000000076ab00000)
  object space 412672K, 75% used [0x00000006c0000000,0x00000006d317e268,0x00000006d9300000)
 Metaspace       used 6417K, capacity 7280K, committed 7552K, reserved 1056768K
  class space    used 585K, capacity 616K, committed 640K, reserved 1048576K
Event: 30.845 GC heap after
Heap after GC invocations=19 (full 3):
 PSYoungGen      total 778240K, used 116727K [0x000000076ab00000, 0x00000007a8d00000, 0x00000007c0000000)
  eden space 661504K, 0% used [0x000000076ab00000,0x000000076ab00000,0x0000000793100000)
  from space 116736K, 99% used [0x000000079c780000,0x00000007a397dd98,0x00000007a3980000)
  to   space 154112K, 0% used [0x0000000793100000,0x0000000793100000,0x000000079c780000)
 ParOldGen       total 412672K, used 359271K [0x00000006c0000000, 0x00000006d9300000, 0x000000076ab00000)
  object space 412672K, 87% used [0x00000006c0000000,0x00000006d5ed9ee8,0x00000006d9300000)
 Metaspace       used 6417K, capacity 7280K, committed 7552K, reserved 1056768K
  class space    used 585K, capacity 616K, committed 640K, reserved 1048576K
}
Event: 30.845 GC heap before
{Heap before GC invocations=20 (full 4):
 PSYoungGen      total 778240K, used 116727K [0x000000076ab00000, 0x00000007a8d00000, 0x00000007c0000000)
  eden space 661504K, 0% used [0x000000076ab00000,0x000000076ab00000,0x0000000793100000)
  from space 116736K, 99% used [0x000000079c780000,0x00000007a397dd98,0x00000007a3980000)
  to   space 154112K, 0% used [0x0000000793100000,0x0000000793100000,0x000000079c780000)
 ParOldGen       total 412672K, used 359271K [0x00000006c0000000, 0x00000006d9300000, 0x000000076ab00000)
  object space 412672K, 87% used [0x00000006c0000000,0x00000006d5ed9ee8,0x00000006d9300000)
 Metaspace       used 6417K, capacity 7280K, committed 7552K, reserved 1056768K
  class space    used 585K, capacity 616K, committed 640K, reserved 1048576K
Event: 33.248 GC heap after
Heap after GC invocations=20 (full 4):
 PSYoungGen      total 778240K, used 59186K [0x000000076ab00000, 0x00000007a8d00000, 0x00000007c0000000)
  eden space 661504K, 0% used [0x000000076ab00000,0x000000076ab00000,0x0000000793100000)
  from space 116736K, 50% used [0x000000079c780000,0x00000007a014cbc8,0x00000007a3980000)
  to   space 154112K, 0% used [0x0000000793100000,0x0000000793100000,0x000000079c780000)
 ParOldGen       total 611328K, used 412459K [0x00000006c0000000, 0x00000006e5500000, 0x000000076ab00000)
  object space 611328K, 67% used [0x00000006c0000000,0x00000006d92caf18,0x00000006e5500000)
 Metaspace       used 6417K, capacity 7280K, committed 7552K, reserved 1056768K
  class space    used 585K, capacity 616K, committed 640K, reserved 1048576K
}
Event: 37.243 GC heap before
{Heap before GC invocations=21 (full 4):
 PSYoungGen      total 778240K, used 720690K [0x000000076ab00000, 0x00000007a8d00000, 0x00000007c0000000)
  eden space 661504K, 100% used [0x000000076ab00000,0x0000000793100000,0x0000000793100000)
  from space 116736K, 50% used [0x000000079c780000,0x00000007a014cbc8,0x00000007a3980000)
  to   space 154112K, 0% used [0x0000000793100000,0x0000000793100000,0x000000079c780000)
 ParOldGen       total 611328K, used 412459K [0x00000006c0000000, 0x00000006e5500000, 0x000000076ab00000)
  object space 611328K, 67% used [0x00000006c0000000,0x00000006d92caf18,0x00000006e5500000)
 Metaspace       used 6420K, capacity 7280K, committed 7552K, reserved 1056768K
  class space    used 585K, capacity 616K, committed 640K, reserved 1048576K

